<?xml version="1.0" encoding="UTF-8"?>
<robot generator="Robot 6.0.2 (Python 3.11.1 on win32)" generated="20230201 12:22:08.829" rpa="false" schemaversion="3">
<suite id="s1" name="Udemy Project" source="C:\OPENEMR_PROJECT\caption_project_2\udemy_project.robot">
<test id="s1-t1" name="TC1" line="5">
<kw name="Open Application" library="AppiumLibrary">
<arg>remote_url=http://localhost:4723/wd/hub</arg>
<arg>platformName=android</arg>
<arg>deviceName=realme7i</arg>
<arg>app=C:${/}Users${/}40032476${/}Downloads${/}udemy-9-1-0.apk</arg>
<doc>Opens a new application to given Appium server.
Capabilities of appium server, Android and iOS,
Please check https://github.com/appium/appium/blob/master/docs/en/writing-running-appium/server-args.md
| *Option*            | *Man.* | *Description*     |
| remote_url          | Yes    | Appium server url |
| alias               | no     | alias             |
| strict_ssl          | No     | allows you to send commands to an invalid certificate host like a self-signed one. |</doc>
<status status="PASS" starttime="20230201 12:22:09.318" endtime="20230201 12:22:28.534"/>
</kw>
<kw name="Set Appium Timeout" library="AppiumLibrary">
<arg>30s</arg>
<doc>Sets the timeout in seconds used by various keywords.</doc>
<status status="PASS" starttime="20230201 12:22:28.534" endtime="20230201 12:22:28.534"/>
</kw>
<kw name="Wait Until Page Contains Element" library="AppiumLibrary">
<arg>xpath=//android.widget.Button[@text='Sign In']</arg>
<doc>Waits until element specified with `locator` appears on current page.</doc>
<msg timestamp="20230201 12:22:31.293" level="INFO">xpath criteria: //android.widget.Button[@text='Sign In']
xpath criteria: //android.widget.Button[@text='Sign In']
xpath criteria: //android.widget.Button[@text='Sign In']
xpath criteria: //android.widget.Button[@text='Sign In']
xpath criteria: //android.widget.Button[@text='Sign In']
xpath criteria: //android.widget.Button[@text='Sign In']</msg>
<status status="PASS" starttime="20230201 12:22:28.534" endtime="20230201 12:22:31.293"/>
</kw>
<kw name="Click Element" library="AppiumLibrary">
<arg>xpath=//android.widget.Button[@text='Sign In']</arg>
<doc>Click element identified by `locator`.</doc>
<msg timestamp="20230201 12:22:31.293" level="INFO">Clicking element 'xpath=//android.widget.Button[@text='Sign In']'.</msg>
<msg timestamp="20230201 12:22:31.455" level="INFO">xpath criteria: //android.widget.Button[@text='Sign In']</msg>
<status status="PASS" starttime="20230201 12:22:31.293" endtime="20230201 12:22:31.469"/>
</kw>
<kw name="Wait Until Page Contains Element" library="AppiumLibrary">
<arg>xpath=//android.widget.TextView[@text='Sign in with email']</arg>
<doc>Waits until element specified with `locator` appears on current page.</doc>
<msg timestamp="20230201 12:22:32.733" level="INFO">xpath criteria: //android.widget.TextView[@text='Sign in with email']
xpath criteria: //android.widget.TextView[@text='Sign in with email']</msg>
<status status="PASS" starttime="20230201 12:22:31.469" endtime="20230201 12:22:32.733"/>
</kw>
<kw name="Click Element" library="AppiumLibrary">
<arg>xpath=//android.widget.TextView[@text='Sign in with email']</arg>
<doc>Click element identified by `locator`.</doc>
<msg timestamp="20230201 12:22:32.739" level="INFO">Clicking element 'xpath=//android.widget.TextView[@text='Sign in with email']'.</msg>
<msg timestamp="20230201 12:22:32.860" level="INFO">xpath criteria: //android.widget.TextView[@text='Sign in with email']</msg>
<status status="PASS" starttime="20230201 12:22:32.733" endtime="20230201 12:22:32.860"/>
</kw>
<kw name="Wait Until Page Contains Element" library="AppiumLibrary">
<arg>xpath=//android.widget.EditText[@text='Email']</arg>
<doc>Waits until element specified with `locator` appears on current page.</doc>
<msg timestamp="20230201 12:22:33.070" level="INFO">xpath criteria: //android.widget.EditText[@text='Email']</msg>
<status status="PASS" starttime="20230201 12:22:32.860" endtime="20230201 12:22:33.070"/>
</kw>
<kw name="Click Element" library="AppiumLibrary">
<arg>xpath=//android.widget.EditText[@text='Email']</arg>
<doc>Click element identified by `locator`.</doc>
<msg timestamp="20230201 12:22:33.070" level="INFO">Clicking element 'xpath=//android.widget.EditText[@text='Email']'.</msg>
<msg timestamp="20230201 12:22:34.126" level="INFO">xpath criteria: //android.widget.EditText[@text='Email']</msg>
<status status="PASS" starttime="20230201 12:22:33.070" endtime="20230201 12:22:34.126"/>
</kw>
<kw name="Input Text" library="AppiumLibrary">
<arg>xpath=//android.widget.EditText[@text='Email']</arg>
<arg>jaswanthjaswanth2000@gmail.com</arg>
<doc>Types the given `text` into text field identified by `locator`.</doc>
<msg timestamp="20230201 12:22:34.126" level="INFO">Typing text 'jaswanthjaswanth2000@gmail.com' into text field 'xpath=//android.widget.EditText[@text='Email']'</msg>
<msg timestamp="20230201 12:22:34.342" level="INFO">xpath criteria: //android.widget.EditText[@text='Email']</msg>
<status status="PASS" starttime="20230201 12:22:34.126" endtime="20230201 12:22:34.342"/>
</kw>
<kw name="Wait Until Page Contains Element" library="AppiumLibrary">
<arg>xpath=//android.widget.Button[@text='Next']</arg>
<doc>Waits until element specified with `locator` appears on current page.</doc>
<msg timestamp="20230201 12:22:34.476" level="INFO">xpath criteria: //android.widget.Button[@text='Next']</msg>
<status status="PASS" starttime="20230201 12:22:34.342" endtime="20230201 12:22:34.476"/>
</kw>
<kw name="Click Element" library="AppiumLibrary">
<arg>xpath=//android.widget.Button[@text='Next']</arg>
<doc>Click element identified by `locator`.</doc>
<msg timestamp="20230201 12:22:34.476" level="INFO">Clicking element 'xpath=//android.widget.Button[@text='Next']'.</msg>
<msg timestamp="20230201 12:22:34.814" level="INFO">xpath criteria: //android.widget.Button[@text='Next']</msg>
<status status="PASS" starttime="20230201 12:22:34.476" endtime="20230201 12:22:34.814"/>
</kw>
<kw name="Wait Until Page Contains Element" library="AppiumLibrary">
<arg>xpath=//android.widget.EditText[@text='Password (8+ characters)']</arg>
<doc>Waits until element specified with `locator` appears on current page.</doc>
<msg timestamp="20230201 12:22:35.749" level="INFO">xpath criteria: //android.widget.EditText[@text='Password (8+ characters)']</msg>
<status status="PASS" starttime="20230201 12:22:34.814" endtime="20230201 12:22:35.749"/>
</kw>
<kw name="Click Element" library="AppiumLibrary">
<arg>xpath=//android.widget.EditText[@text='Password (8+ characters)']</arg>
<doc>Click element identified by `locator`.</doc>
<msg timestamp="20230201 12:22:35.749" level="INFO">Clicking element 'xpath=//android.widget.EditText[@text='Password (8+ characters)']'.</msg>
<msg timestamp="20230201 12:22:36.722" level="INFO">xpath criteria: //android.widget.EditText[@text='Password (8+ characters)']</msg>
<status status="PASS" starttime="20230201 12:22:35.749" endtime="20230201 12:22:36.722"/>
</kw>
<kw name="Input Text" library="AppiumLibrary">
<arg>xpath=//android.widget.EditText[@text='Password (8+ characters)']</arg>
<arg>Jassu@133</arg>
<doc>Types the given `text` into text field identified by `locator`.</doc>
<msg timestamp="20230201 12:22:36.735" level="INFO">Typing text 'Jassu@133' into text field 'xpath=//android.widget.EditText[@text='Password (8+ characters)']'</msg>
<msg timestamp="20230201 12:22:37.939" level="INFO">xpath criteria: //android.widget.EditText[@text='Password (8+ characters)']</msg>
<status status="PASS" starttime="20230201 12:22:36.722" endtime="20230201 12:22:37.939"/>
</kw>
<kw name="Wait Until Page Contains Element" library="AppiumLibrary">
<arg>xpath=//android.widget.Button[@text='Sign In']</arg>
<doc>Waits until element specified with `locator` appears on current page.</doc>
<msg timestamp="20230201 12:22:38.593" level="INFO">xpath criteria: //android.widget.Button[@text='Sign In']</msg>
<status status="PASS" starttime="20230201 12:22:37.939" endtime="20230201 12:22:38.593"/>
</kw>
<kw name="Click Element" library="AppiumLibrary">
<arg>xpath=//android.widget.Button[@text='Sign In']</arg>
<doc>Click element identified by `locator`.</doc>
<msg timestamp="20230201 12:22:38.610" level="INFO">Clicking element 'xpath=//android.widget.Button[@text='Sign In']'.</msg>
<msg timestamp="20230201 12:22:38.715" level="INFO">xpath criteria: //android.widget.Button[@text='Sign In']</msg>
<status status="PASS" starttime="20230201 12:22:38.593" endtime="20230201 12:22:38.715"/>
</kw>
<kw name="Run Keyword And Ignore Error" library="BuiltIn">
<arg>Wait Until Page Contains Element</arg>
<arg>xpath=//android.widget.Button[@text='Skip']</arg>
<doc>Runs the given keyword with the given arguments and ignores possible error.</doc>
<kw name="Wait Until Page Contains Element" library="AppiumLibrary">
<arg>xpath=//android.widget.Button[@text='Skip']</arg>
<doc>Waits until element specified with `locator` appears on current page.</doc>
<msg timestamp="20230201 12:22:50.417" level="INFO">xpath criteria: //android.widget.Button[@text='Skip']
xpath criteria: //android.widget.Button[@text='Skip']
xpath criteria: //android.widget.Button[@text='Skip']
xpath criteria: //android.widget.Button[@text='Skip']
xpath criteria: //android.widget.Button[@text='Skip']
xpath criteria: //android.widget.Button[@text='Skip']
xpath criteria: //android.widget.Button[@text='Skip']
xpath criteria: //android.widget.Button[@text='Skip']
xpath criteria: //android.widget.Button[@text='Skip']
xpath criteria: //android.widget.Button[@text='Skip']
xpath criteria: //android.widget.Button[@text='Skip']
xpath criteria: //android.widget.Button[@text='Skip']
xpath criteria: //android.widget.Button[@text='Skip']
xpath criteria: //android.widget.Button[@text='Skip']
xpath criteria: //android.widget.Button[@text='Skip']
xpath criteria: //android.widget.Button[@text='Skip']
xpath criteria: //android.widget.Button[@text='Skip']
xpath criteria: //android.widget.Button[@text='Skip']
xpath criteria: //android.widget.Button[@text='Skip']
xpath criteria: //android.widget.Button[@text='Skip']
xpath criteria: //android.widget.Button[@text='Skip']
xpath criteria: //android.widget.Button[@text='Skip']
xpath criteria: //android.widget.Button[@text='Skip']
xpath criteria: //android.widget.Button[@text='Skip']
xpath criteria: //android.widget.Button[@text='Skip']
xpath criteria: //android.widget.Button[@text='Skip']
xpath criteria: //android.widget.Button[@text='Skip']
xpath criteria: //android.widget.Button[@text='Skip']</msg>
<status status="PASS" starttime="20230201 12:22:38.715" endtime="20230201 12:22:50.417"/>
</kw>
<status status="PASS" starttime="20230201 12:22:38.715" endtime="20230201 12:22:50.417"/>
</kw>
<kw name="Run Keyword And Ignore Error" library="BuiltIn">
<arg>Click Element</arg>
<arg>xpath=//android.widget.Button[@text='Skip']</arg>
<doc>Runs the given keyword with the given arguments and ignores possible error.</doc>
<kw name="Click Element" library="AppiumLibrary">
<arg>xpath=//android.widget.Button[@text='Skip']</arg>
<doc>Click element identified by `locator`.</doc>
<msg timestamp="20230201 12:22:50.417" level="INFO">Clicking element 'xpath=//android.widget.Button[@text='Skip']'.</msg>
<msg timestamp="20230201 12:22:50.506" level="INFO">xpath criteria: //android.widget.Button[@text='Skip']</msg>
<status status="PASS" starttime="20230201 12:22:50.417" endtime="20230201 12:22:50.506"/>
</kw>
<status status="PASS" starttime="20230201 12:22:50.417" endtime="20230201 12:22:50.508"/>
</kw>
<kw name="Get Matching Xpath Count" library="AppiumLibrary">
<var>${count}</var>
<arg>xpath=//android.widget.TextView[@text='IT &amp; Software']</arg>
<doc>Returns number of elements matching ``xpath``</doc>
<msg timestamp="20230201 12:22:50.697" level="INFO">xpath criteria: //android.widget.TextView[@text='IT &amp; Software']</msg>
<msg timestamp="20230201 12:22:50.697" level="INFO">${count} = 0</msg>
<status status="PASS" starttime="20230201 12:22:50.509" endtime="20230201 12:22:50.697"/>
</kw>
<while condition="${count}==0">
<iter>
<kw name="Swipe By Percent" library="AppiumLibrary">
<arg>90</arg>
<arg>75</arg>
<arg>90</arg>
<arg>25</arg>
<doc>Swipe from one percent of the screen to another percent, for an optional duration.
Normal swipe fails to scale for different screen resolutions, this can be avoided using percent.</doc>
<status status="PASS" starttime="20230201 12:22:50.697" endtime="20230201 12:22:52.075"/>
</kw>
<kw name="Get Matching Xpath Count" library="AppiumLibrary">
<var>${count}</var>
<arg>xpath=//android.widget.TextView[@text='IT &amp; Software']</arg>
<doc>Returns number of elements matching ``xpath``</doc>
<msg timestamp="20230201 12:22:52.880" level="INFO">xpath criteria: //android.widget.TextView[@text='IT &amp; Software']</msg>
<msg timestamp="20230201 12:22:52.880" level="INFO">${count} = 0</msg>
<status status="PASS" starttime="20230201 12:22:52.075" endtime="20230201 12:22:52.880"/>
</kw>
<status status="PASS" starttime="20230201 12:22:50.697" endtime="20230201 12:22:52.880"/>
</iter>
<iter>
<kw name="Swipe By Percent" library="AppiumLibrary">
<arg>90</arg>
<arg>75</arg>
<arg>90</arg>
<arg>25</arg>
<doc>Swipe from one percent of the screen to another percent, for an optional duration.
Normal swipe fails to scale for different screen resolutions, this can be avoided using percent.</doc>
<status status="PASS" starttime="20230201 12:22:52.880" endtime="20230201 12:22:54.271"/>
</kw>
<kw name="Get Matching Xpath Count" library="AppiumLibrary">
<var>${count}</var>
<arg>xpath=//android.widget.TextView[@text='IT &amp; Software']</arg>
<doc>Returns number of elements matching ``xpath``</doc>
<msg timestamp="20230201 12:22:55.630" level="INFO">xpath criteria: //android.widget.TextView[@text='IT &amp; Software']</msg>
<msg timestamp="20230201 12:22:55.630" level="INFO">${count} = 1</msg>
<status status="PASS" starttime="20230201 12:22:54.271" endtime="20230201 12:22:55.630"/>
</kw>
<status status="PASS" starttime="20230201 12:22:52.880" endtime="20230201 12:22:55.630"/>
</iter>
<status status="PASS" starttime="20230201 12:22:50.697" endtime="20230201 12:22:55.630"/>
</while>
<kw name="Wait Until Page Contains Element" library="AppiumLibrary">
<arg>xpath=//android.widget.TextView[@text='IT &amp; Software']</arg>
<doc>Waits until element specified with `locator` appears on current page.</doc>
<msg timestamp="20230201 12:22:55.733" level="INFO">xpath criteria: //android.widget.TextView[@text='IT &amp; Software']</msg>
<status status="PASS" starttime="20230201 12:22:55.630" endtime="20230201 12:22:55.733"/>
</kw>
<kw name="Click Element" library="AppiumLibrary">
<arg>xpath=//android.widget.TextView[@text='IT &amp; Software']</arg>
<doc>Click element identified by `locator`.</doc>
<msg timestamp="20230201 12:22:55.733" level="INFO">Clicking element 'xpath=//android.widget.TextView[@text='IT &amp; Software']'.</msg>
<msg timestamp="20230201 12:22:55.892" level="INFO">xpath criteria: //android.widget.TextView[@text='IT &amp; Software']</msg>
<status status="PASS" starttime="20230201 12:22:55.733" endtime="20230201 12:22:55.892"/>
</kw>
<kw name="Get Matching Xpath Count" library="AppiumLibrary">
<var>${count}</var>
<arg>xpath=//android.widget.TextView[@text='Hardware']</arg>
<doc>Returns number of elements matching ``xpath``</doc>
<msg timestamp="20230201 12:22:55.998" level="INFO">xpath criteria: //android.widget.TextView[@text='Hardware']</msg>
<msg timestamp="20230201 12:22:55.998" level="INFO">${count} = 0</msg>
<status status="PASS" starttime="20230201 12:22:55.892" endtime="20230201 12:22:55.998"/>
</kw>
<while condition="${count}==0">
<iter>
<kw name="Swipe By Percent" library="AppiumLibrary">
<arg>90</arg>
<arg>75</arg>
<arg>90</arg>
<arg>25</arg>
<doc>Swipe from one percent of the screen to another percent, for an optional duration.
Normal swipe fails to scale for different screen resolutions, this can be avoided using percent.</doc>
<status status="PASS" starttime="20230201 12:22:55.998" endtime="20230201 12:22:57.320"/>
</kw>
<kw name="Get Matching Xpath Count" library="AppiumLibrary">
<var>${count}</var>
<arg>xpath=//android.widget.TextView[@text='Hardware']</arg>
<doc>Returns number of elements matching ``xpath``</doc>
<msg timestamp="20230201 12:22:57.382" level="INFO">xpath criteria: //android.widget.TextView[@text='Hardware']</msg>
<msg timestamp="20230201 12:22:57.382" level="INFO">${count} = 0</msg>
<status status="PASS" starttime="20230201 12:22:57.320" endtime="20230201 12:22:57.382"/>
</kw>
<status status="PASS" starttime="20230201 12:22:55.998" endtime="20230201 12:22:57.382"/>
</iter>
<iter>
<kw name="Swipe By Percent" library="AppiumLibrary">
<arg>90</arg>
<arg>75</arg>
<arg>90</arg>
<arg>25</arg>
<doc>Swipe from one percent of the screen to another percent, for an optional duration.
Normal swipe fails to scale for different screen resolutions, this can be avoided using percent.</doc>
<status status="PASS" starttime="20230201 12:22:57.382" endtime="20230201 12:22:58.699"/>
</kw>
<kw name="Get Matching Xpath Count" library="AppiumLibrary">
<var>${count}</var>
<arg>xpath=//android.widget.TextView[@text='Hardware']</arg>
<doc>Returns number of elements matching ``xpath``</doc>
<msg timestamp="20230201 12:22:58.770" level="INFO">xpath criteria: //android.widget.TextView[@text='Hardware']</msg>
<msg timestamp="20230201 12:22:58.770" level="INFO">${count} = 0</msg>
<status status="PASS" starttime="20230201 12:22:58.715" endtime="20230201 12:22:58.770"/>
</kw>
<status status="PASS" starttime="20230201 12:22:57.382" endtime="20230201 12:22:58.770"/>
</iter>
<iter>
<kw name="Swipe By Percent" library="AppiumLibrary">
<arg>90</arg>
<arg>75</arg>
<arg>90</arg>
<arg>25</arg>
<doc>Swipe from one percent of the screen to another percent, for an optional duration.
Normal swipe fails to scale for different screen resolutions, this can be avoided using percent.</doc>
<status status="PASS" starttime="20230201 12:22:58.770" endtime="20230201 12:23:00.103"/>
</kw>
<kw name="Get Matching Xpath Count" library="AppiumLibrary">
<var>${count}</var>
<arg>xpath=//android.widget.TextView[@text='Hardware']</arg>
<doc>Returns number of elements matching ``xpath``</doc>
<msg timestamp="20230201 12:23:01.631" level="INFO">xpath criteria: //android.widget.TextView[@text='Hardware']</msg>
<msg timestamp="20230201 12:23:01.631" level="INFO">${count} = 0</msg>
<status status="PASS" starttime="20230201 12:23:00.103" endtime="20230201 12:23:01.631"/>
</kw>
<status status="PASS" starttime="20230201 12:22:58.770" endtime="20230201 12:23:01.631"/>
</iter>
<iter>
<kw name="Swipe By Percent" library="AppiumLibrary">
<arg>90</arg>
<arg>75</arg>
<arg>90</arg>
<arg>25</arg>
<doc>Swipe from one percent of the screen to another percent, for an optional duration.
Normal swipe fails to scale for different screen resolutions, this can be avoided using percent.</doc>
<status status="PASS" starttime="20230201 12:23:01.631" endtime="20230201 12:23:02.967"/>
</kw>
<kw name="Get Matching Xpath Count" library="AppiumLibrary">
<var>${count}</var>
<arg>xpath=//android.widget.TextView[@text='Hardware']</arg>
<doc>Returns number of elements matching ``xpath``</doc>
<msg timestamp="20230201 12:23:03.798" level="INFO">xpath criteria: //android.widget.TextView[@text='Hardware']</msg>
<msg timestamp="20230201 12:23:03.798" level="INFO">${count} = 0</msg>
<status status="PASS" starttime="20230201 12:23:02.967" endtime="20230201 12:23:03.798"/>
</kw>
<status status="PASS" starttime="20230201 12:23:01.631" endtime="20230201 12:23:03.798"/>
</iter>
<iter>
<kw name="Swipe By Percent" library="AppiumLibrary">
<arg>90</arg>
<arg>75</arg>
<arg>90</arg>
<arg>25</arg>
<doc>Swipe from one percent of the screen to another percent, for an optional duration.
Normal swipe fails to scale for different screen resolutions, this can be avoided using percent.</doc>
<status status="PASS" starttime="20230201 12:23:03.798" endtime="20230201 12:23:05.137"/>
</kw>
<kw name="Get Matching Xpath Count" library="AppiumLibrary">
<var>${count}</var>
<arg>xpath=//android.widget.TextView[@text='Hardware']</arg>
<doc>Returns number of elements matching ``xpath``</doc>
<msg timestamp="20230201 12:23:05.939" level="INFO">xpath criteria: //android.widget.TextView[@text='Hardware']</msg>
<msg timestamp="20230201 12:23:05.939" level="INFO">${count} = 1</msg>
<status status="PASS" starttime="20230201 12:23:05.137" endtime="20230201 12:23:05.939"/>
</kw>
<status status="PASS" starttime="20230201 12:23:03.798" endtime="20230201 12:23:05.939"/>
</iter>
<status status="PASS" starttime="20230201 12:22:55.998" endtime="20230201 12:23:05.939"/>
</while>
<kw name="Wait Until Page Contains Element" library="AppiumLibrary">
<arg>xpath=//android.widget.TextView[@text='Hardware']</arg>
<doc>Waits until element specified with `locator` appears on current page.</doc>
<msg timestamp="20230201 12:23:06.020" level="INFO">xpath criteria: //android.widget.TextView[@text='Hardware']</msg>
<status status="PASS" starttime="20230201 12:23:05.939" endtime="20230201 12:23:06.020"/>
</kw>
<kw name="Click Element" library="AppiumLibrary">
<arg>xpath=//android.widget.TextView[@text='Hardware']</arg>
<doc>Click element identified by `locator`.</doc>
<msg timestamp="20230201 12:23:06.020" level="INFO">Clicking element 'xpath=//android.widget.TextView[@text='Hardware']'.</msg>
<msg timestamp="20230201 12:23:06.764" level="INFO">xpath criteria: //android.widget.TextView[@text='Hardware']</msg>
<status status="PASS" starttime="20230201 12:23:06.020" endtime="20230201 12:23:06.764"/>
</kw>
<kw name="Get Matching Xpath Count" library="AppiumLibrary">
<var>${count}</var>
<arg>xpath=//android.widget.TextView[@text='Embedded Systems']</arg>
<doc>Returns number of elements matching ``xpath``</doc>
<msg timestamp="20230201 12:23:06.817" level="INFO">xpath criteria: //android.widget.TextView[@text='Embedded Systems']</msg>
<msg timestamp="20230201 12:23:06.818" level="INFO">${count} = 0</msg>
<status status="PASS" starttime="20230201 12:23:06.764" endtime="20230201 12:23:06.818"/>
</kw>
<while condition="${count}==0">
<iter>
<kw name="Swipe By Percent" library="AppiumLibrary">
<arg>90</arg>
<arg>75</arg>
<arg>90</arg>
<arg>25</arg>
<doc>Swipe from one percent of the screen to another percent, for an optional duration.
Normal swipe fails to scale for different screen resolutions, this can be avoided using percent.</doc>
<status status="PASS" starttime="20230201 12:23:06.818" endtime="20230201 12:23:08.157"/>
</kw>
<kw name="Get Matching Xpath Count" library="AppiumLibrary">
<var>${count}</var>
<arg>xpath=//android.widget.TextView[@text='Embedded Systems']</arg>
<doc>Returns number of elements matching ``xpath``</doc>
<msg timestamp="20230201 12:23:08.680" level="INFO">xpath criteria: //android.widget.TextView[@text='Embedded Systems']</msg>
<msg timestamp="20230201 12:23:08.680" level="INFO">${count} = 0</msg>
<status status="PASS" starttime="20230201 12:23:08.157" endtime="20230201 12:23:08.680"/>
</kw>
<status status="PASS" starttime="20230201 12:23:06.818" endtime="20230201 12:23:08.680"/>
</iter>
<iter>
<kw name="Swipe By Percent" library="AppiumLibrary">
<arg>90</arg>
<arg>75</arg>
<arg>90</arg>
<arg>25</arg>
<doc>Swipe from one percent of the screen to another percent, for an optional duration.
Normal swipe fails to scale for different screen resolutions, this can be avoided using percent.</doc>
<status status="PASS" starttime="20230201 12:23:08.680" endtime="20230201 12:23:10.011"/>
</kw>
<kw name="Get Matching Xpath Count" library="AppiumLibrary">
<var>${count}</var>
<arg>xpath=//android.widget.TextView[@text='Embedded Systems']</arg>
<doc>Returns number of elements matching ``xpath``</doc>
<msg timestamp="20230201 12:23:10.894" level="INFO">xpath criteria: //android.widget.TextView[@text='Embedded Systems']</msg>
<msg timestamp="20230201 12:23:10.894" level="INFO">${count} = 1</msg>
<status status="PASS" starttime="20230201 12:23:10.011" endtime="20230201 12:23:10.894"/>
</kw>
<status status="PASS" starttime="20230201 12:23:08.680" endtime="20230201 12:23:10.894"/>
</iter>
<status status="PASS" starttime="20230201 12:23:06.818" endtime="20230201 12:23:10.894"/>
</while>
<kw name="Wait Until Page Contains Element" library="AppiumLibrary">
<arg>xpath=//android.widget.TextView[@text='Embedded Systems']</arg>
<doc>Waits until element specified with `locator` appears on current page.</doc>
<msg timestamp="20230201 12:23:10.960" level="INFO">xpath criteria: //android.widget.TextView[@text='Embedded Systems']</msg>
<status status="PASS" starttime="20230201 12:23:10.894" endtime="20230201 12:23:10.960"/>
</kw>
<kw name="Click Element" library="AppiumLibrary">
<arg>xpath=//android.widget.TextView[@text='Embedded Systems']</arg>
<doc>Click element identified by `locator`.</doc>
<msg timestamp="20230201 12:23:10.960" level="INFO">Clicking element 'xpath=//android.widget.TextView[@text='Embedded Systems']'.</msg>
<msg timestamp="20230201 12:23:11.090" level="INFO">xpath criteria: //android.widget.TextView[@text='Embedded Systems']</msg>
<status status="PASS" starttime="20230201 12:23:10.960" endtime="20230201 12:23:11.090"/>
</kw>
<kw name="Wait Until Page Contains Element" library="AppiumLibrary">
<arg>xpath=(//android.widget.ImageView[@resource-id='com.udemy.android:id/course_image'])[1]</arg>
<doc>Waits until element specified with `locator` appears on current page.</doc>
<msg timestamp="20230201 12:23:13.367" level="INFO">xpath criteria: (//android.widget.ImageView[@resource-id='com.udemy.android:id/course_image'])[1]
xpath criteria: (//android.widget.ImageView[@resource-id='com.udemy.android:id/course_image'])[1]
xpath criteria: (//android.widget.ImageView[@resource-id='com.udemy.android:id/course_image'])[1]</msg>
<status status="PASS" starttime="20230201 12:23:11.090" endtime="20230201 12:23:13.367"/>
</kw>
<kw name="Click Element" library="AppiumLibrary">
<arg>xpath=(//android.widget.ImageView[@resource-id='com.udemy.android:id/course_image'])[1]</arg>
<doc>Click element identified by `locator`.</doc>
<msg timestamp="20230201 12:23:13.367" level="INFO">Clicking element 'xpath=(//android.widget.ImageView[@resource-id='com.udemy.android:id/course_image'])[1]'.</msg>
<msg timestamp="20230201 12:23:16.643" level="INFO">xpath criteria: (//android.widget.ImageView[@resource-id='com.udemy.android:id/course_image'])[1]</msg>
<status status="PASS" starttime="20230201 12:23:13.367" endtime="20230201 12:23:16.643"/>
</kw>
<kw name="Element Should Contain Text" library="AppiumLibrary">
<arg>xpath=//android.widget.TextView[@resource-id='com.udemy.android:id/course_title']</arg>
<arg>Mastering Microcontroller and Embedded Driver Development</arg>
<doc>Verifies element identified by ``locator`` contains text ``expected``.</doc>
<msg timestamp="20230201 12:23:16.643" level="INFO">Verifying element 'xpath=//android.widget.TextView[@resource-id='com.udemy.android:id/course_title']' contains text 'Mastering Microcontroller and Embedded Driver Development'.</msg>
<msg timestamp="20230201 12:23:16.757" level="INFO">xpath criteria: //android.widget.TextView[@resource-id='com.udemy.android:id/course_title']</msg>
<status status="PASS" starttime="20230201 12:23:16.643" endtime="20230201 12:23:16.757"/>
</kw>
<kw name="Close Application" library="AppiumLibrary" type="TEARDOWN">
<doc>Closes the current application and also close webdriver session.</doc>
<status status="PASS" starttime="20230201 12:23:16.757" endtime="20230201 12:23:17.539"/>
</kw>
<status status="PASS" starttime="20230201 12:22:09.317" endtime="20230201 12:23:17.541"/>
</test>
<status status="PASS" starttime="20230201 12:22:08.840" endtime="20230201 12:23:17.541"/>
</suite>
<statistics>
<total>
<stat pass="1" fail="0" skip="0">All Tests</stat>
</total>
<tag>
</tag>
<suite>
<stat pass="1" fail="0" skip="0" id="s1" name="Udemy Project">Udemy Project</stat>
</suite>
</statistics>
<errors>
</errors>
</robot>
