<?xml version="1.0" encoding="UTF-8"?>
<robot generator="Robot 6.0.2 (Python 3.11.1 on win32)" generated="20230201 14:56:00.553" rpa="false" schemaversion="3">
<suite id="s1" name="Udemy Project" source="C:\OPENEMR_PROJECT\caption_project_2\udemy_project.robot">
<test id="s1-t1" name="TC1" line="5">
<kw name="Open Application" library="AppiumLibrary">
<arg>remote_url=http://localhost:4723/wd/hub</arg>
<arg>platformName=android</arg>
<arg>deviceName=realme7i</arg>
<arg>app=C:${/}Users${/}40032476${/}Downloads${/}udemy-9-1-0.apk</arg>
<doc>Opens a new application to given Appium server.
Capabilities of appium server, Android and iOS,
Please check https://github.com/appium/appium/blob/master/docs/en/writing-running-appium/server-args.md
| *Option*            | *Man.* | *Description*     |
| remote_url          | Yes    | Appium server url |
| alias               | no     | alias             |
| strict_ssl          | No     | allows you to send commands to an invalid certificate host like a self-signed one. |</doc>
<status status="PASS" starttime="20230201 14:56:00.868" endtime="20230201 14:56:17.591"/>
</kw>
<kw name="Set Appium Timeout" library="AppiumLibrary">
<arg>30s</arg>
<doc>Sets the timeout in seconds used by various keywords.</doc>
<status status="PASS" starttime="20230201 14:56:17.593" endtime="20230201 14:56:17.593"/>
</kw>
<kw name="Wait Until Page Contains Element" library="AppiumLibrary">
<arg>xpath=//android.widget.Button[@text='Sign In']</arg>
<doc>Waits until element specified with `locator` appears on current page.</doc>
<msg timestamp="20230201 14:56:20.381" level="INFO">xpath criteria: //android.widget.Button[@text='Sign In']
xpath criteria: //android.widget.Button[@text='Sign In']
xpath criteria: //android.widget.Button[@text='Sign In']
xpath criteria: //android.widget.Button[@text='Sign In']
xpath criteria: //android.widget.Button[@text='Sign In']</msg>
<status status="PASS" starttime="20230201 14:56:17.594" endtime="20230201 14:56:20.390"/>
</kw>
<kw name="Click Element" library="AppiumLibrary">
<arg>xpath=//android.widget.Button[@text='Sign In']</arg>
<doc>Click element identified by `locator`.</doc>
<msg timestamp="20230201 14:56:20.390" level="INFO">Clicking element 'xpath=//android.widget.Button[@text='Sign In']'.</msg>
<msg timestamp="20230201 14:56:20.551" level="INFO">xpath criteria: //android.widget.Button[@text='Sign In']</msg>
<status status="PASS" starttime="20230201 14:56:20.390" endtime="20230201 14:56:20.551"/>
</kw>
<kw name="Wait Until Page Contains Element" library="AppiumLibrary">
<arg>xpath=//android.widget.TextView[@text='Sign in with email']</arg>
<doc>Waits until element specified with `locator` appears on current page.</doc>
<msg timestamp="20230201 14:56:21.756" level="INFO">xpath criteria: //android.widget.TextView[@text='Sign in with email']
xpath criteria: //android.widget.TextView[@text='Sign in with email']</msg>
<status status="PASS" starttime="20230201 14:56:20.551" endtime="20230201 14:56:21.756"/>
</kw>
<kw name="Click Element" library="AppiumLibrary">
<arg>xpath=//android.widget.TextView[@text='Sign in with email']</arg>
<doc>Click element identified by `locator`.</doc>
<msg timestamp="20230201 14:56:21.756" level="INFO">Clicking element 'xpath=//android.widget.TextView[@text='Sign in with email']'.</msg>
<msg timestamp="20230201 14:56:21.902" level="INFO">xpath criteria: //android.widget.TextView[@text='Sign in with email']</msg>
<status status="PASS" starttime="20230201 14:56:21.756" endtime="20230201 14:56:21.902"/>
</kw>
<kw name="Wait Until Page Contains Element" library="AppiumLibrary">
<arg>xpath=//android.widget.EditText[@text='Email']</arg>
<doc>Waits until element specified with `locator` appears on current page.</doc>
<msg timestamp="20230201 14:56:22.091" level="INFO">xpath criteria: //android.widget.EditText[@text='Email']</msg>
<status status="PASS" starttime="20230201 14:56:21.902" endtime="20230201 14:56:22.091"/>
</kw>
<kw name="Click Element" library="AppiumLibrary">
<arg>xpath=//android.widget.EditText[@text='Email']</arg>
<doc>Click element identified by `locator`.</doc>
<msg timestamp="20230201 14:56:22.091" level="INFO">Clicking element 'xpath=//android.widget.EditText[@text='Email']'.</msg>
<msg timestamp="20230201 14:56:23.757" level="INFO">xpath criteria: //android.widget.EditText[@text='Email']</msg>
<status status="PASS" starttime="20230201 14:56:22.091" endtime="20230201 14:56:23.757"/>
</kw>
<kw name="Input Text" library="AppiumLibrary">
<arg>xpath=//android.widget.EditText[@text='Email']</arg>
<arg>jaswanthjaswanth2000@gmail.com</arg>
<doc>Types the given `text` into text field identified by `locator`.</doc>
<msg timestamp="20230201 14:56:23.757" level="INFO">Typing text 'jaswanthjaswanth2000@gmail.com' into text field 'xpath=//android.widget.EditText[@text='Email']'</msg>
<msg timestamp="20230201 14:56:23.946" level="INFO">xpath criteria: //android.widget.EditText[@text='Email']</msg>
<status status="PASS" starttime="20230201 14:56:23.757" endtime="20230201 14:56:23.946"/>
</kw>
<kw name="Wait Until Page Contains Element" library="AppiumLibrary">
<arg>xpath=//android.widget.Button[@text='Next']</arg>
<doc>Waits until element specified with `locator` appears on current page.</doc>
<msg timestamp="20230201 14:56:24.679" level="INFO">xpath criteria: //android.widget.Button[@text='Next']</msg>
<status status="PASS" starttime="20230201 14:56:23.946" endtime="20230201 14:56:24.679"/>
</kw>
<kw name="Click Element" library="AppiumLibrary">
<arg>xpath=//android.widget.Button[@text='Next']</arg>
<doc>Click element identified by `locator`.</doc>
<msg timestamp="20230201 14:56:24.681" level="INFO">Clicking element 'xpath=//android.widget.Button[@text='Next']'.</msg>
<msg timestamp="20230201 14:56:24.783" level="INFO">xpath criteria: //android.widget.Button[@text='Next']</msg>
<status status="PASS" starttime="20230201 14:56:24.679" endtime="20230201 14:56:24.783"/>
</kw>
<kw name="Wait Until Page Contains Element" library="AppiumLibrary">
<arg>xpath=//android.widget.EditText[@text='Password (8+ characters)']</arg>
<doc>Waits until element specified with `locator` appears on current page.</doc>
<msg timestamp="20230201 14:56:25.084" level="INFO">xpath criteria: //android.widget.EditText[@text='Password (8+ characters)']</msg>
<status status="PASS" starttime="20230201 14:56:24.783" endtime="20230201 14:56:25.084"/>
</kw>
<kw name="Click Element" library="AppiumLibrary">
<arg>xpath=//android.widget.EditText[@text='Password (8+ characters)']</arg>
<doc>Click element identified by `locator`.</doc>
<msg timestamp="20230201 14:56:25.084" level="INFO">Clicking element 'xpath=//android.widget.EditText[@text='Password (8+ characters)']'.</msg>
<msg timestamp="20230201 14:56:25.880" level="INFO">xpath criteria: //android.widget.EditText[@text='Password (8+ characters)']</msg>
<status status="PASS" starttime="20230201 14:56:25.084" endtime="20230201 14:56:25.880"/>
</kw>
<kw name="Input Text" library="AppiumLibrary">
<arg>xpath=//android.widget.EditText[@text='Password (8+ characters)']</arg>
<arg>Jassu@133</arg>
<doc>Types the given `text` into text field identified by `locator`.</doc>
<msg timestamp="20230201 14:56:25.886" level="INFO">Typing text 'Jassu@133' into text field 'xpath=//android.widget.EditText[@text='Password (8+ characters)']'</msg>
<msg timestamp="20230201 14:56:26.042" level="INFO">xpath criteria: //android.widget.EditText[@text='Password (8+ characters)']</msg>
<status status="PASS" starttime="20230201 14:56:25.886" endtime="20230201 14:56:26.051"/>
</kw>
<kw name="Wait Until Page Contains Element" library="AppiumLibrary">
<arg>xpath=//android.widget.Button[@text='Sign In']</arg>
<doc>Waits until element specified with `locator` appears on current page.</doc>
<msg timestamp="20230201 14:56:26.134" level="INFO">xpath criteria: //android.widget.Button[@text='Sign In']</msg>
<status status="PASS" starttime="20230201 14:56:26.051" endtime="20230201 14:56:26.134"/>
</kw>
<kw name="Click Element" library="AppiumLibrary">
<arg>xpath=//android.widget.Button[@text='Sign In']</arg>
<doc>Click element identified by `locator`.</doc>
<msg timestamp="20230201 14:56:26.150" level="INFO">Clicking element 'xpath=//android.widget.Button[@text='Sign In']'.</msg>
<msg timestamp="20230201 14:56:26.264" level="INFO">xpath criteria: //android.widget.Button[@text='Sign In']</msg>
<status status="PASS" starttime="20230201 14:56:26.134" endtime="20230201 14:56:26.264"/>
</kw>
<kw name="Run Keyword And Ignore Error" library="BuiltIn">
<arg>Wait Until Page Contains Element</arg>
<arg>xpath=//android.widget.Button[@text='Skip']</arg>
<doc>Runs the given keyword with the given arguments and ignores possible error.</doc>
<kw name="Wait Until Page Contains Element" library="AppiumLibrary">
<arg>xpath=//android.widget.Button[@text='Skip']</arg>
<doc>Waits until element specified with `locator` appears on current page.</doc>
<msg timestamp="20230201 14:56:40.462" level="INFO">xpath criteria: //android.widget.Button[@text='Skip']
xpath criteria: //android.widget.Button[@text='Skip']
xpath criteria: //android.widget.Button[@text='Skip']
xpath criteria: //android.widget.Button[@text='Skip']
xpath criteria: //android.widget.Button[@text='Skip']
xpath criteria: //android.widget.Button[@text='Skip']
xpath criteria: //android.widget.Button[@text='Skip']
xpath criteria: //android.widget.Button[@text='Skip']
xpath criteria: //android.widget.Button[@text='Skip']
xpath criteria: //android.widget.Button[@text='Skip']
xpath criteria: //android.widget.Button[@text='Skip']
xpath criteria: //android.widget.Button[@text='Skip']
xpath criteria: //android.widget.Button[@text='Skip']
xpath criteria: //android.widget.Button[@text='Skip']
xpath criteria: //android.widget.Button[@text='Skip']
xpath criteria: //android.widget.Button[@text='Skip']
xpath criteria: //android.widget.Button[@text='Skip']
xpath criteria: //android.widget.Button[@text='Skip']
xpath criteria: //android.widget.Button[@text='Skip']
xpath criteria: //android.widget.Button[@text='Skip']
xpath criteria: //android.widget.Button[@text='Skip']
xpath criteria: //android.widget.Button[@text='Skip']
xpath criteria: //android.widget.Button[@text='Skip']
xpath criteria: //android.widget.Button[@text='Skip']
xpath criteria: //android.widget.Button[@text='Skip']
xpath criteria: //android.widget.Button[@text='Skip']
xpath criteria: //android.widget.Button[@text='Skip']
xpath criteria: //android.widget.Button[@text='Skip']
xpath criteria: //android.widget.Button[@text='Skip']
xpath criteria: //android.widget.Button[@text='Skip']
xpath criteria: //android.widget.Button[@text='Skip']
xpath criteria: //android.widget.Button[@text='Skip']
xpath criteria: //android.widget.Button[@text='Skip']
xpath criteria: //android.widget.Button[@text='Skip']
xpath criteria: //android.widget.Button[@text='Skip']
xpath criteria: //android.widget.Button[@text='Skip']
xpath criteria: //android.widget.Button[@text='Skip']
xpath criteria: //android.widget.Button[@text='Skip']
xpath criteria: //android.widget.Button[@text='Skip']</msg>
<status status="PASS" starttime="20230201 14:56:26.265" endtime="20230201 14:56:40.462"/>
</kw>
<status status="PASS" starttime="20230201 14:56:26.265" endtime="20230201 14:56:40.462"/>
</kw>
<kw name="Run Keyword And Ignore Error" library="BuiltIn">
<arg>Click Element</arg>
<arg>xpath=//android.widget.Button[@text='Skip']</arg>
<doc>Runs the given keyword with the given arguments and ignores possible error.</doc>
<kw name="Click Element" library="AppiumLibrary">
<arg>xpath=//android.widget.Button[@text='Skip']</arg>
<doc>Click element identified by `locator`.</doc>
<msg timestamp="20230201 14:56:40.462" level="INFO">Clicking element 'xpath=//android.widget.Button[@text='Skip']'.</msg>
<msg timestamp="20230201 14:56:40.549" level="INFO">xpath criteria: //android.widget.Button[@text='Skip']</msg>
<status status="PASS" starttime="20230201 14:56:40.462" endtime="20230201 14:56:40.549"/>
</kw>
<status status="PASS" starttime="20230201 14:56:40.462" endtime="20230201 14:56:40.549"/>
</kw>
<kw name="Get Matching Xpath Count" library="AppiumLibrary">
<var>${count}</var>
<arg>xpath=//android.widget.TextView[@text='IT &amp; Software']</arg>
<doc>Returns number of elements matching ``xpath``</doc>
<msg timestamp="20230201 14:56:40.730" level="INFO">xpath criteria: //android.widget.TextView[@text='IT &amp; Software']</msg>
<msg timestamp="20230201 14:56:40.730" level="INFO">${count} = 0</msg>
<status status="PASS" starttime="20230201 14:56:40.549" endtime="20230201 14:56:40.730"/>
</kw>
<while condition="${count}==0">
<iter>
<kw name="Swipe By Percent" library="AppiumLibrary">
<arg>90</arg>
<arg>75</arg>
<arg>90</arg>
<arg>25</arg>
<doc>Swipe from one percent of the screen to another percent, for an optional duration.
Normal swipe fails to scale for different screen resolutions, this can be avoided using percent.</doc>
<status status="PASS" starttime="20230201 14:56:40.730" endtime="20230201 14:56:42.112"/>
</kw>
<kw name="Get Matching Xpath Count" library="AppiumLibrary">
<var>${count}</var>
<arg>xpath=//android.widget.TextView[@text='IT &amp; Software']</arg>
<doc>Returns number of elements matching ``xpath``</doc>
<msg timestamp="20230201 14:56:42.858" level="INFO">xpath criteria: //android.widget.TextView[@text='IT &amp; Software']</msg>
<msg timestamp="20230201 14:56:42.858" level="INFO">${count} = 0</msg>
<status status="PASS" starttime="20230201 14:56:42.112" endtime="20230201 14:56:42.858"/>
</kw>
<status status="PASS" starttime="20230201 14:56:40.730" endtime="20230201 14:56:42.871"/>
</iter>
<iter>
<kw name="Swipe By Percent" library="AppiumLibrary">
<arg>90</arg>
<arg>75</arg>
<arg>90</arg>
<arg>25</arg>
<doc>Swipe from one percent of the screen to another percent, for an optional duration.
Normal swipe fails to scale for different screen resolutions, this can be avoided using percent.</doc>
<status status="PASS" starttime="20230201 14:56:42.871" endtime="20230201 14:56:44.256"/>
</kw>
<kw name="Get Matching Xpath Count" library="AppiumLibrary">
<var>${count}</var>
<arg>xpath=//android.widget.TextView[@text='IT &amp; Software']</arg>
<doc>Returns number of elements matching ``xpath``</doc>
<msg timestamp="20230201 14:56:45.753" level="INFO">xpath criteria: //android.widget.TextView[@text='IT &amp; Software']</msg>
<msg timestamp="20230201 14:56:45.753" level="INFO">${count} = 1</msg>
<status status="PASS" starttime="20230201 14:56:44.256" endtime="20230201 14:56:45.753"/>
</kw>
<status status="PASS" starttime="20230201 14:56:42.871" endtime="20230201 14:56:45.753"/>
</iter>
<status status="PASS" starttime="20230201 14:56:40.730" endtime="20230201 14:56:45.753"/>
</while>
<kw name="Wait Until Page Contains Element" library="AppiumLibrary">
<arg>xpath=//android.widget.TextView[@text='IT &amp; Software']</arg>
<doc>Waits until element specified with `locator` appears on current page.</doc>
<msg timestamp="20230201 14:56:45.854" level="INFO">xpath criteria: //android.widget.TextView[@text='IT &amp; Software']</msg>
<status status="PASS" starttime="20230201 14:56:45.753" endtime="20230201 14:56:45.854"/>
</kw>
<kw name="Click Element" library="AppiumLibrary">
<arg>xpath=//android.widget.TextView[@text='IT &amp; Software']</arg>
<doc>Click element identified by `locator`.</doc>
<msg timestamp="20230201 14:56:45.854" level="INFO">Clicking element 'xpath=//android.widget.TextView[@text='IT &amp; Software']'.</msg>
<msg timestamp="20230201 14:56:45.992" level="INFO">xpath criteria: //android.widget.TextView[@text='IT &amp; Software']</msg>
<status status="PASS" starttime="20230201 14:56:45.854" endtime="20230201 14:56:45.992"/>
</kw>
<kw name="Get Matching Xpath Count" library="AppiumLibrary">
<var>${count}</var>
<arg>xpath=//android.widget.TextView[@text='Hardware']</arg>
<doc>Returns number of elements matching ``xpath``</doc>
<msg timestamp="20230201 14:56:46.081" level="INFO">xpath criteria: //android.widget.TextView[@text='Hardware']</msg>
<msg timestamp="20230201 14:56:46.081" level="INFO">${count} = 0</msg>
<status status="PASS" starttime="20230201 14:56:45.993" endtime="20230201 14:56:46.081"/>
</kw>
<while condition="${count}==0">
<iter>
<kw name="Swipe By Percent" library="AppiumLibrary">
<arg>90</arg>
<arg>75</arg>
<arg>90</arg>
<arg>25</arg>
<doc>Swipe from one percent of the screen to another percent, for an optional duration.
Normal swipe fails to scale for different screen resolutions, this can be avoided using percent.</doc>
<status status="PASS" starttime="20230201 14:56:46.085" endtime="20230201 14:56:47.410"/>
</kw>
<kw name="Get Matching Xpath Count" library="AppiumLibrary">
<var>${count}</var>
<arg>xpath=//android.widget.TextView[@text='Hardware']</arg>
<doc>Returns number of elements matching ``xpath``</doc>
<msg timestamp="20230201 14:56:47.450" level="INFO">xpath criteria: //android.widget.TextView[@text='Hardware']</msg>
<msg timestamp="20230201 14:56:47.450" level="INFO">${count} = 0</msg>
<status status="PASS" starttime="20230201 14:56:47.410" endtime="20230201 14:56:47.450"/>
</kw>
<status status="PASS" starttime="20230201 14:56:46.081" endtime="20230201 14:56:47.450"/>
</iter>
<iter>
<kw name="Swipe By Percent" library="AppiumLibrary">
<arg>90</arg>
<arg>75</arg>
<arg>90</arg>
<arg>25</arg>
<doc>Swipe from one percent of the screen to another percent, for an optional duration.
Normal swipe fails to scale for different screen resolutions, this can be avoided using percent.</doc>
<status status="PASS" starttime="20230201 14:56:47.450" endtime="20230201 14:56:48.907"/>
</kw>
<kw name="Get Matching Xpath Count" library="AppiumLibrary">
<var>${count}</var>
<arg>xpath=//android.widget.TextView[@text='Hardware']</arg>
<doc>Returns number of elements matching ``xpath``</doc>
<msg timestamp="20230201 14:56:49.739" level="INFO">xpath criteria: //android.widget.TextView[@text='Hardware']</msg>
<msg timestamp="20230201 14:56:49.739" level="INFO">${count} = 1</msg>
<status status="PASS" starttime="20230201 14:56:48.907" endtime="20230201 14:56:49.739"/>
</kw>
<status status="PASS" starttime="20230201 14:56:47.450" endtime="20230201 14:56:49.739"/>
</iter>
<status status="PASS" starttime="20230201 14:56:46.081" endtime="20230201 14:56:49.739"/>
</while>
<kw name="Wait Until Page Contains Element" library="AppiumLibrary">
<arg>xpath=//android.widget.TextView[@text='Hardware']</arg>
<doc>Waits until element specified with `locator` appears on current page.</doc>
<msg timestamp="20230201 14:56:49.831" level="INFO">xpath criteria: //android.widget.TextView[@text='Hardware']</msg>
<status status="PASS" starttime="20230201 14:56:49.739" endtime="20230201 14:56:49.831"/>
</kw>
<kw name="Click Element" library="AppiumLibrary">
<arg>xpath=//android.widget.TextView[@text='Hardware']</arg>
<doc>Click element identified by `locator`.</doc>
<msg timestamp="20230201 14:56:49.836" level="INFO">Clicking element 'xpath=//android.widget.TextView[@text='Hardware']'.</msg>
<msg timestamp="20230201 14:56:49.962" level="INFO">xpath criteria: //android.widget.TextView[@text='Hardware']</msg>
<status status="PASS" starttime="20230201 14:56:49.831" endtime="20230201 14:56:49.962"/>
</kw>
<kw name="Get Matching Xpath Count" library="AppiumLibrary">
<var>${count}</var>
<arg>xpath=//android.widget.TextView[@text='Embedded Systems']</arg>
<doc>Returns number of elements matching ``xpath``</doc>
<msg timestamp="20230201 14:56:50.618" level="INFO">xpath criteria: //android.widget.TextView[@text='Embedded Systems']</msg>
<msg timestamp="20230201 14:56:50.618" level="INFO">${count} = 0</msg>
<status status="PASS" starttime="20230201 14:56:49.962" endtime="20230201 14:56:50.618"/>
</kw>
<while condition="${count}==0">
<iter>
<kw name="Swipe By Percent" library="AppiumLibrary">
<arg>90</arg>
<arg>75</arg>
<arg>90</arg>
<arg>25</arg>
<doc>Swipe from one percent of the screen to another percent, for an optional duration.
Normal swipe fails to scale for different screen resolutions, this can be avoided using percent.</doc>
<status status="PASS" starttime="20230201 14:56:50.618" endtime="20230201 14:56:51.951"/>
</kw>
<kw name="Get Matching Xpath Count" library="AppiumLibrary">
<var>${count}</var>
<arg>xpath=//android.widget.TextView[@text='Embedded Systems']</arg>
<doc>Returns number of elements matching ``xpath``</doc>
<msg timestamp="20230201 14:56:51.992" level="INFO">xpath criteria: //android.widget.TextView[@text='Embedded Systems']</msg>
<msg timestamp="20230201 14:56:51.992" level="INFO">${count} = 0</msg>
<status status="PASS" starttime="20230201 14:56:51.951" endtime="20230201 14:56:51.992"/>
</kw>
<status status="PASS" starttime="20230201 14:56:50.618" endtime="20230201 14:56:51.992"/>
</iter>
<iter>
<kw name="Swipe By Percent" library="AppiumLibrary">
<arg>90</arg>
<arg>75</arg>
<arg>90</arg>
<arg>25</arg>
<doc>Swipe from one percent of the screen to another percent, for an optional duration.
Normal swipe fails to scale for different screen resolutions, this can be avoided using percent.</doc>
<status status="PASS" starttime="20230201 14:56:51.992" endtime="20230201 14:56:53.454"/>
</kw>
<kw name="Get Matching Xpath Count" library="AppiumLibrary">
<var>${count}</var>
<arg>xpath=//android.widget.TextView[@text='Embedded Systems']</arg>
<doc>Returns number of elements matching ``xpath``</doc>
<msg timestamp="20230201 14:56:54.053" level="INFO">xpath criteria: //android.widget.TextView[@text='Embedded Systems']</msg>
<msg timestamp="20230201 14:56:54.053" level="INFO">${count} = 1</msg>
<status status="PASS" starttime="20230201 14:56:53.454" endtime="20230201 14:56:54.053"/>
</kw>
<status status="PASS" starttime="20230201 14:56:51.992" endtime="20230201 14:56:54.053"/>
</iter>
<status status="PASS" starttime="20230201 14:56:50.618" endtime="20230201 14:56:54.053"/>
</while>
<kw name="Wait Until Page Contains Element" library="AppiumLibrary">
<arg>xpath=//android.widget.TextView[@text='Embedded Systems']</arg>
<doc>Waits until element specified with `locator` appears on current page.</doc>
<msg timestamp="20230201 14:56:54.110" level="INFO">xpath criteria: //android.widget.TextView[@text='Embedded Systems']</msg>
<status status="PASS" starttime="20230201 14:56:54.053" endtime="20230201 14:56:54.110"/>
</kw>
<kw name="Click Element" library="AppiumLibrary">
<arg>xpath=//android.widget.TextView[@text='Embedded Systems']</arg>
<doc>Click element identified by `locator`.</doc>
<msg timestamp="20230201 14:56:54.124" level="INFO">Clicking element 'xpath=//android.widget.TextView[@text='Embedded Systems']'.</msg>
<msg timestamp="20230201 14:56:54.242" level="INFO">xpath criteria: //android.widget.TextView[@text='Embedded Systems']</msg>
<status status="PASS" starttime="20230201 14:56:54.110" endtime="20230201 14:56:54.242"/>
</kw>
<kw name="Wait Until Page Contains Element" library="AppiumLibrary">
<arg>xpath=(//android.widget.ImageView[@resource-id='com.udemy.android:id/course_image'])[1]</arg>
<doc>Waits until element specified with `locator` appears on current page.</doc>
<msg timestamp="20230201 14:56:56.534" level="INFO">xpath criteria: (//android.widget.ImageView[@resource-id='com.udemy.android:id/course_image'])[1]
xpath criteria: (//android.widget.ImageView[@resource-id='com.udemy.android:id/course_image'])[1]
xpath criteria: (//android.widget.ImageView[@resource-id='com.udemy.android:id/course_image'])[1]
xpath criteria: (//android.widget.ImageView[@resource-id='com.udemy.android:id/course_image'])[1]
xpath criteria: (//android.widget.ImageView[@resource-id='com.udemy.android:id/course_image'])[1]</msg>
<status status="PASS" starttime="20230201 14:56:54.242" endtime="20230201 14:56:56.534"/>
</kw>
<kw name="Click Element" library="AppiumLibrary">
<arg>xpath=(//android.widget.ImageView[@resource-id='com.udemy.android:id/course_image'])[1]</arg>
<doc>Click element identified by `locator`.</doc>
<msg timestamp="20230201 14:56:56.534" level="INFO">Clicking element 'xpath=(//android.widget.ImageView[@resource-id='com.udemy.android:id/course_image'])[1]'.</msg>
<msg timestamp="20230201 14:56:56.652" level="INFO">xpath criteria: (//android.widget.ImageView[@resource-id='com.udemy.android:id/course_image'])[1]</msg>
<status status="PASS" starttime="20230201 14:56:56.534" endtime="20230201 14:56:56.652"/>
</kw>
<kw name="Wait Until Page Contains Element" library="AppiumLibrary">
<arg>xpath=//android.widget.TextView[@resource-id='com.udemy.android:id/course_title']</arg>
<doc>Waits until element specified with `locator` appears on current page.</doc>
<msg timestamp="20230201 14:56:58.616" level="INFO">xpath criteria: //android.widget.TextView[@resource-id='com.udemy.android:id/course_title']</msg>
<status status="PASS" starttime="20230201 14:56:56.652" endtime="20230201 14:56:58.616"/>
</kw>
<kw name="Element Should Contain Text" library="AppiumLibrary">
<arg>xpath=//android.widget.TextView[@resource-id='com.udemy.android:id/course_title']</arg>
<arg>Mastering Microcontroller and Embedded Driver Development</arg>
<doc>Verifies element identified by ``locator`` contains text ``expected``.</doc>
<msg timestamp="20230201 14:56:58.616" level="INFO">Verifying element 'xpath=//android.widget.TextView[@resource-id='com.udemy.android:id/course_title']' contains text 'Mastering Microcontroller and Embedded Driver Development'.</msg>
<msg timestamp="20230201 14:56:58.703" level="INFO">xpath criteria: //android.widget.TextView[@resource-id='com.udemy.android:id/course_title']</msg>
<status status="PASS" starttime="20230201 14:56:58.616" endtime="20230201 14:56:58.703"/>
</kw>
<kw name="Get Matching Xpath Count" library="AppiumLibrary">
<var>${count}</var>
<arg>xpath=//android.widget.Button[@text='Show more']</arg>
<doc>Returns number of elements matching ``xpath``</doc>
<msg timestamp="20230201 14:56:58.774" level="INFO">xpath criteria: //android.widget.Button[@text='Show more']</msg>
<msg timestamp="20230201 14:56:58.774" level="INFO">${count} = 0</msg>
<status status="PASS" starttime="20230201 14:56:58.703" endtime="20230201 14:56:58.774"/>
</kw>
<while condition="${count}==0">
<iter>
<kw name="Swipe By Percent" library="AppiumLibrary">
<arg>90</arg>
<arg>75</arg>
<arg>90</arg>
<arg>25</arg>
<doc>Swipe from one percent of the screen to another percent, for an optional duration.
Normal swipe fails to scale for different screen resolutions, this can be avoided using percent.</doc>
<status status="PASS" starttime="20230201 14:56:58.774" endtime="20230201 14:57:00.470"/>
</kw>
<kw name="Get Matching Xpath Count" library="AppiumLibrary">
<var>${count}</var>
<arg>xpath=//android.widget.Button[@text='Show more']</arg>
<doc>Returns number of elements matching ``xpath``</doc>
<msg timestamp="20230201 14:57:01.745" level="INFO">xpath criteria: //android.widget.Button[@text='Show more']</msg>
<msg timestamp="20230201 14:57:01.745" level="INFO">${count} = 1</msg>
<status status="PASS" starttime="20230201 14:57:00.471" endtime="20230201 14:57:01.745"/>
</kw>
<status status="PASS" starttime="20230201 14:56:58.774" endtime="20230201 14:57:01.745"/>
</iter>
<status status="PASS" starttime="20230201 14:56:58.774" endtime="20230201 14:57:01.745"/>
</while>
<kw name="Wait Until Page Contains Element" library="AppiumLibrary">
<arg>xpath=//android.widget.Button[@text='Show more']</arg>
<doc>Waits until element specified with `locator` appears on current page.</doc>
<msg timestamp="20230201 14:57:01.841" level="INFO">xpath criteria: //android.widget.Button[@text='Show more']</msg>
<status status="PASS" starttime="20230201 14:57:01.745" endtime="20230201 14:57:01.845"/>
</kw>
<kw name="Click Element" library="AppiumLibrary">
<arg>xpath=//android.widget.Button[@text='Show more']</arg>
<doc>Click element identified by `locator`.</doc>
<msg timestamp="20230201 14:57:01.845" level="INFO">Clicking element 'xpath=//android.widget.Button[@text='Show more']'.</msg>
<msg timestamp="20230201 14:57:01.971" level="INFO">xpath criteria: //android.widget.Button[@text='Show more']</msg>
<status status="PASS" starttime="20230201 14:57:01.845" endtime="20230201 14:57:01.971"/>
</kw>
<kw name="Get Matching Xpath Count" library="AppiumLibrary">
<var>${count}</var>
<arg>xpath=//android.widget.Button[@text='Show less']</arg>
<doc>Returns number of elements matching ``xpath``</doc>
<msg timestamp="20230201 14:57:02.362" level="INFO">xpath criteria: //android.widget.Button[@text='Show less']</msg>
<msg timestamp="20230201 14:57:02.362" level="INFO">${count} = 0</msg>
<status status="PASS" starttime="20230201 14:57:01.972" endtime="20230201 14:57:02.362"/>
</kw>
<while condition="${count}==0">
<iter>
<kw name="Swipe By Percent" library="AppiumLibrary">
<arg>90</arg>
<arg>75</arg>
<arg>90</arg>
<arg>25</arg>
<doc>Swipe from one percent of the screen to another percent, for an optional duration.
Normal swipe fails to scale for different screen resolutions, this can be avoided using percent.</doc>
<status status="PASS" starttime="20230201 14:57:02.362" endtime="20230201 14:57:03.702"/>
</kw>
<kw name="Get Matching Xpath Count" library="AppiumLibrary">
<var>${count}</var>
<arg>xpath=//android.widget.Button[@text='Show less']</arg>
<doc>Returns number of elements matching ``xpath``</doc>
<msg timestamp="20230201 14:57:04.498" level="INFO">xpath criteria: //android.widget.Button[@text='Show less']</msg>
<msg timestamp="20230201 14:57:04.499" level="INFO">${count} = 0</msg>
<status status="PASS" starttime="20230201 14:57:03.702" endtime="20230201 14:57:04.499"/>
</kw>
<status status="PASS" starttime="20230201 14:57:02.362" endtime="20230201 14:57:04.499"/>
</iter>
<iter>
<kw name="Swipe By Percent" library="AppiumLibrary">
<arg>90</arg>
<arg>75</arg>
<arg>90</arg>
<arg>25</arg>
<doc>Swipe from one percent of the screen to another percent, for an optional duration.
Normal swipe fails to scale for different screen resolutions, this can be avoided using percent.</doc>
<status status="PASS" starttime="20230201 14:57:04.499" endtime="20230201 14:57:05.812"/>
</kw>
<kw name="Get Matching Xpath Count" library="AppiumLibrary">
<var>${count}</var>
<arg>xpath=//android.widget.Button[@text='Show less']</arg>
<doc>Returns number of elements matching ``xpath``</doc>
<msg timestamp="20230201 14:57:06.604" level="INFO">xpath criteria: //android.widget.Button[@text='Show less']</msg>
<msg timestamp="20230201 14:57:06.604" level="INFO">${count} = 1</msg>
<status status="PASS" starttime="20230201 14:57:05.812" endtime="20230201 14:57:06.604"/>
</kw>
<status status="PASS" starttime="20230201 14:57:04.499" endtime="20230201 14:57:06.604"/>
</iter>
<status status="PASS" starttime="20230201 14:57:02.362" endtime="20230201 14:57:06.604"/>
</while>
<kw name="Wait Until Page Contains Element" library="AppiumLibrary">
<arg>xpath=//android.widget.Button[@text='Show less']</arg>
<doc>Waits until element specified with `locator` appears on current page.</doc>
<msg timestamp="20230201 14:57:06.689" level="INFO">xpath criteria: //android.widget.Button[@text='Show less']</msg>
<status status="PASS" starttime="20230201 14:57:06.604" endtime="20230201 14:57:06.689"/>
</kw>
<kw name="Click Element" library="AppiumLibrary">
<arg>xpath=//android.widget.Button[@text='Show less']</arg>
<doc>Click element identified by `locator`.</doc>
<msg timestamp="20230201 14:57:06.689" level="INFO">Clicking element 'xpath=//android.widget.Button[@text='Show less']'.</msg>
<msg timestamp="20230201 14:57:06.836" level="INFO">xpath criteria: //android.widget.Button[@text='Show less']</msg>
<status status="PASS" starttime="20230201 14:57:06.689" endtime="20230201 14:57:06.836"/>
</kw>
<kw name="Close Application" library="AppiumLibrary" type="TEARDOWN">
<doc>Closes the current application and also close webdriver session.</doc>
<status status="PASS" starttime="20230201 14:57:06.836" endtime="20230201 14:57:07.453"/>
</kw>
<status status="PASS" starttime="20230201 14:56:00.852" endtime="20230201 14:57:07.454"/>
</test>
<status status="PASS" starttime="20230201 14:56:00.569" endtime="20230201 14:57:07.455"/>
</suite>
<statistics>
<total>
<stat pass="1" fail="0" skip="0">All Tests</stat>
</total>
<tag>
</tag>
<suite>
<stat pass="1" fail="0" skip="0" id="s1" name="Udemy Project">Udemy Project</stat>
</suite>
</statistics>
<errors>
</errors>
</robot>
